2018_AndroidConnectivity/8_web/WebIntent/app/build/outputs/logs/manifest-merger-debug-report.txt
-- Merging decision tree log ---
manifest
ADDED from src\main\AndroidManifest.xml:2:1-15:12
INJECTED from src\main\AndroidManifest.xml:2:1-15:12
INJECTED from src\main\AndroidManifest.xml:2:1-15:12
INJECTED from src\main\AndroidManifest.xml:2:1-15:12
INJECTED from src\main\AndroidManifest.xml:2:1-15:12
INJECTED from src\main\AndroidManifest.xml:2:1-15:12
INJECTED from src\main\AndroidManifest.xml:2:1-15:12
	package
		ADDED from src\main\AndroidManifest.xml:4:33-73
		INJECTED from src\main\AndroidManifest.xml
		INJECTED from src\main\AndroidManifest.xml
	android:versionName
		ADDED from src\main\AndroidManifest.xml:4:7-32
		INJECTED from src\main\AndroidManifest.xml
		INJECTED from src\main\AndroidManifest.xml
	xmlns:android
		ADDED from src\main\AndroidManifest.xml:2:11-69
	android:versionCode
		ADDED from src\main\AndroidManifest.xml:3:7-30
		INJECTED from src\main\AndroidManifest.xml
		INJECTED from src\main\AndroidManifest.xml
application
ADDED from src\main\AndroidManifest.xml:5:5-13:19
	android:label
		ADDED from src\main\AndroidManifest.xml:5:48-80
	android:icon
		ADDED from src\main\AndroidManifest.xml:5:18-47
activity#com.androidjava.app8.webintent.MyWebIntent
ADDED from src\main\AndroidManifest.xml:6:9-12:20
	android:label
		ADDED from src\main\AndroidManifest.xml:7:19-51
	android:name
		ADDED from src\main\AndroidManifest.xml:6:19-46
intent-filter#action:name:android.intent.action.MAIN+category:name:android.intent.category.LAUNCHER
ADDED from src\main\AndroidManifest.xml:8:13-11:29
action#android.intent.action.MAIN
ADDED from src\main\AndroidManifest.xml:9:17-69
	android:name
		ADDED from src\main\AndroidManifest.xml:9:25-66
category#android.intent.category.LAUNCHER
ADDED from src\main\AndroidManifest.xml:10:17-77
	android:name
		ADDED from src\main\AndroidManifest.xml:10:27-74
uses-sdk
ADDED from src\main\AndroidManifest.xml:14:5-44
INJECTED from src\main\AndroidManifest.xml:14:5-44
INJECTED from src\main\AndroidManifest.xml:14:5-44
INJECTED from src\main\AndroidManifest.xml:14:5-44
INJECTED from src\main\AndroidManifest.xml:14:5-44
	android:targetSdkVersion
		INJECTED from src\main\AndroidManifest.xml
		ADDED from src\main\AndroidManifest.xml:14:5-44
		INJECTED from src\main\AndroidManifest.xml
	android:minSdkVersion
		ADDED from src\main\AndroidManifest.xml:14:15-41
		INJECTED from src\main\AndroidManifest.xml
		INJECTED from src\main\AndroidManifest.xml